convolution.cpp: In function ‘void convolve(const float*, float*, std::size_t, const float*, std::size_t)’:
convolution.cpp:27:23: warning: comparison of integer expressions of different signedness: ‘int’ and ‘std::size_t’ {aka ‘long unsigned int’} [-Wsign-compare]
   27 |     for (int x = 0; x < n; x++){
      |                     ~~^~~
convolution.cpp:28:27: warning: comparison of integer expressions of different signedness: ‘int’ and ‘std::size_t’ {aka ‘long unsigned int’} [-Wsign-compare]
   28 |         for (int y = 0; y < n; y++){
      |                         ~~^~~
convolution.cpp:33:31: warning: comparison of integer expressions of different signedness: ‘int’ and ‘std::size_t’ {aka ‘long unsigned int’} [-Wsign-compare]
   33 |             for (int i = 0; i < m; i++){
      |                             ~~^~~
convolution.cpp:34:35: warning: comparison of integer expressions of different signedness: ‘int’ and ‘std::size_t’ {aka ‘long unsigned int’} [-Wsign-compare]
   34 |                 for (int j = 0; j < m; j++){
      |                                 ~~^~~
convolution.cpp:39:43: warning: comparison of integer expressions of different signedness: ‘int’ and ‘std::size_t’ {aka ‘long unsigned int’} [-Wsign-compare]
   39 |                     if (imgX >= 0 && imgX < n && imgY >= 0 && imgY < n) {
      |                                      ~~~~~^~~
convolution.cpp:39:68: warning: comparison of integer expressions of different signedness: ‘int’ and ‘std::size_t’ {aka ‘long unsigned int’} [-Wsign-compare]
   39 |                     if (imgX >= 0 && imgX < n && imgY >= 0 && imgY < n) {
      |                                                               ~~~~~^~~
convolution.cpp:45:54: warning: comparison of integer expressions of different signedness: ‘int’ and ‘std::size_t’ {aka ‘long unsigned int’} [-Wsign-compare]
   45 |                             (imgX == -offset && imgY == n + offset - 1) ||
      |                                                 ~~~~~^~~~~~~~~~~~~~~~~
convolution.cpp:46:35: warning: comparison of integer expressions of different signedness: ‘int’ and ‘std::size_t’ {aka ‘long unsigned int’} [-Wsign-compare]
   46 |                             (imgX == n + offset - 1 && imgY == -offset) ||
      |                              ~~~~~^~~~~~~~~~~~~~~~~
convolution.cpp:47:35: warning: comparison of integer expressions of different signedness: ‘int’ and ‘std::size_t’ {aka ‘long unsigned int’} [-Wsign-compare]
   47 |                             (imgX == n + offset - 1 && imgY == n + offset - 1)) {
      |                              ~~~~~^~~~~~~~~~~~~~~~~
convolution.cpp:47:61: warning: comparison of integer expressions of different signedness: ‘int’ and ‘std::size_t’ {aka ‘long unsigned int’} [-Wsign-compare]
   47 |                             (imgX == n + offset - 1 && imgY == n + offset - 1)) {
      |                                                        ~~~~~^~~~~~~~~~~~~~~~~
task2.cpp: In function ‘int main(int, char**)’:
task2.cpp:45:23: warning: comparison of integer expressions of different signedness: ‘int’ and ‘long unsigned int’ [-Wsign-compare]
   45 |     for (int i = 0; i < m*m; i++) {
      |                     ~~^~~~~
task2.cpp:49:23: warning: comparison of integer expressions of different signedness: ‘int’ and ‘long unsigned int’ [-Wsign-compare]
   49 |     for (int j = 0; j < n*n; j++) {
      |                     ~~^~~~~
